SF:lib/src/features/qr_generator/logic/qr_generator_cubit.dart
DA:9,1
DA:11,1
DA:13,1
DA:18,1
DA:19,1
DA:20,3
DA:22,1
DA:23,2
DA:24,3
DA:29,0
DA:30,0
LF:11
LH:9
end_of_record
SF:lib/src/features/qr_generator/logic/qr_generator_state.freezed.dart
DA:10,0
DA:14,0
DA:17,0
DA:18,0
DA:24,0
DA:29,0
DA:34,0
DA:39,0
DA:40,0
DA:98,0
DA:115,0
DA:116,0
DA:118,0
DA:119,0
DA:121,0
DA:125,0
DA:126,0
DA:133,1
DA:138,1
DA:140,2
DA:143,1
DA:146,1
DA:147,2
DA:148,0
DA:151,0
DA:153,0
DA:155,0
DA:158,0
DA:160,0
DA:169,0
DA:170,0
DA:171,0
DA:172,0
DA:173,0
DA:174,0
DA:177,0
DA:187,0
DA:189,0
DA:191,0
DA:194,0
DA:203,0
DA:204,0
DA:205,0
DA:206,0
DA:207,0
DA:208,0
DA:211,0
DA:221,0
DA:223,0
DA:225,0
DA:246,0
DA:247,0
DA:249,0
DA:250,0
DA:255,0
DA:257,0
DA:262,1
DA:264,0
DA:267,0
DA:268,0
DA:270,0
DA:279,0
DA:280,0
DA:281,0
DA:282,0
DA:283,0
DA:284,0
DA:287,0
DA:297,0
DA:299,0
DA:301,0
DA:304,0
DA:313,0
DA:314,0
DA:315,0
DA:316,0
DA:317,0
DA:318,0
DA:321,0
DA:331,0
DA:333,0
DA:335,0
DA:352,0
DA:353,0
DA:355,0
DA:356,0
DA:361,0
DA:363,1
DA:368,1
DA:370,1
DA:373,0
DA:374,0
DA:376,0
DA:385,0
DA:386,0
DA:387,0
DA:388,0
DA:389,0
DA:390,0
DA:393,0
DA:403,0
DA:405,0
DA:407,0
DA:410,0
DA:419,0
DA:420,0
DA:421,0
DA:422,0
DA:423,0
DA:424,0
DA:427,0
DA:437,0
DA:439,0
DA:441,0
DA:458,0
DA:459,0
DA:461,0
DA:462,0
DA:467,0
DA:469,0
DA:474,0
DA:476,0
DA:479,0
DA:480,0
DA:482,0
DA:491,0
DA:492,0
DA:493,0
DA:494,0
DA:495,0
DA:496,0
DA:499,0
DA:509,0
DA:511,0
DA:513,0
DA:516,0
DA:525,0
DA:526,0
DA:527,0
DA:528,0
DA:529,0
DA:530,0
DA:533,0
DA:543,0
DA:545,0
DA:547,0
DA:565,0
DA:566,0
DA:568,0
DA:569,0
DA:571,0
DA:575,0
DA:576,0
DA:583,0
DA:588,1
DA:590,2
DA:593,1
DA:596,1
DA:597,0
DA:598,0
DA:601,0
DA:603,0
DA:605,0
DA:608,0
DA:610,0
DA:619,0
DA:620,0
DA:621,0
DA:622,0
DA:623,0
DA:624,0
DA:627,0
DA:637,0
DA:639,0
DA:641,0
DA:644,0
DA:653,0
DA:654,0
DA:655,0
DA:656,0
DA:657,0
DA:658,0
DA:661,0
DA:671,0
DA:673,0
DA:675,0
LF:186
LH:14
end_of_record
