SF:lib/core/routes/routes.dart
DA:11,1
DA:14,1
DA:15,1
DA:16,2
DA:17,0
DA:20,2
DA:21,0
LF:7
LH:5
end_of_record
SF:lib/features/qr_code_scan/presenter/cubits/scan/scan_cubit.dart
DA:8,4
DA:10,1
DA:11,3
DA:12,1
DA:14,2
DA:18,2
DA:19,2
LF:7
LH:7
end_of_record
SF:lib/features/qr_code_scan/presenter/cubits/scan/scan_state.dart
DA:4,7
DA:6,0
DA:7,0
DA:11,5
DA:15,5
DA:19,3
DA:23,1
DA:24,2
LF:8
LH:6
end_of_record
SF:lib/features/qr_code_scan/presenter/cubits/timer/timer_state.dart
DA:4,7
DA:6,0
DA:7,0
DA:11,6
DA:15,2
DA:22,1
DA:23,3
DA:27,6
LF:8
LH:6
end_of_record
SF:lib/features/qr_code_scan/presenter/cubits/timer/timer_cubit.dart
DA:8,2
DA:12,0
DA:13,0
DA:14,0
DA:15,0
DA:16,0
DA:17,0
DA:18,0
DA:19,0
DA:23,0
DA:28,1
DA:29,1
DA:30,1
DA:33,3
DA:36,1
DA:37,1
DA:38,2
DA:39,1
LF:18
LH:9
end_of_record
SF:lib/features/qr_code_scan/presenter/pages/home/home_page.dart
DA:7,5
DA:9,1
DA:11,1
DA:12,1
DA:16,1
DA:17,1
DA:18,1
DA:20,0
DA:21,0
DA:24,1
DA:26,0
DA:27,0
LF:12
LH:8
end_of_record
SF:lib/features/qr_code_scan/presenter/pages/qr_code/qr_code_page.dart
DA:7,4
DA:9,0
DA:10,0
DA:16,0
DA:18,0
DA:19,0
DA:22,0
DA:24,0
DA:25,0
DA:28,0
DA:30,0
DA:31,0
DA:35,0
DA:36,0
DA:38,0
DA:41,0
DA:42,0
DA:43,0
DA:45,0
DA:46,0
LF:20
LH:1
end_of_record
SF:lib/features/qr_code_scan/presenter/pages/scan/scan_page.dart
DA:8,5
DA:10,1
DA:11,1
DA:18,1
DA:20,1
DA:21,4
DA:24,1
DA:26,1
DA:27,1
DA:31,1
DA:33,1
DA:34,1
DA:35,1
DA:36,1
DA:38,2
DA:40,1
DA:43,2
DA:46,1
DA:47,1
DA:49,2
DA:56,1
DA:57,1
DA:58,1
DA:60,2
DA:62,1
DA:63,0
DA:64,0
LF:27
LH:25
end_of_record
