SF:lib/features/qr_code_scan/presenter/cubits/timer/timer_state.dart
DA:4,15
DA:6,1
DA:7,1
DA:11,12
DA:15,3
DA:22,1
DA:23,3
DA:27,13
LF:8
LH:8
end_of_record
SF:lib/features/qr_code_scan/presenter/cubits/timer/timer_cubit.dart
DA:8,4
DA:12,0
DA:13,0
DA:14,0
DA:15,0
DA:16,0
DA:17,0
DA:18,0
DA:19,0
DA:23,0
DA:28,2
DA:29,6
DA:30,2
DA:31,2
DA:34,6
DA:37,2
DA:38,2
DA:39,4
DA:40,2
LF:19
LH:10
end_of_record
SF:lib/core/routes/routes.dart
DA:14,1
DA:17,1
DA:18,1
DA:19,2
DA:20,1
DA:21,1
DA:22,0
DA:24,1
DA:25,0
DA:26,0
DA:32,2
DA:33,0
LF:12
LH:8
end_of_record
SF:lib/features/qr_code_scan/presenter/cubits/scan/scan_cubit.dart
DA:8,4
DA:10,1
DA:11,3
DA:12,1
DA:14,2
DA:18,2
DA:19,2
LF:7
LH:7
end_of_record
SF:lib/features/qr_code_scan/presenter/cubits/scan/scan_state.dart
DA:4,10
DA:6,1
DA:7,1
DA:11,8
DA:15,8
DA:19,3
DA:23,1
DA:24,2
LF:8
LH:8
end_of_record
SF:lib/features/qr_code_scan/presenter/pages/home/home_page.dart
DA:7,8
DA:9,1
DA:11,1
DA:12,1
DA:16,1
DA:17,1
DA:18,1
DA:20,0
DA:21,0
DA:24,1
DA:26,0
DA:27,0
LF:12
LH:8
end_of_record
SF:lib/core/injections/instances/get_it_instance.dart
DA:3,0
LF:1
LH:0
end_of_record
SF:lib/features/qr_code_scan/presenter/cubits/qr_code/qr_code_cubit.dart
DA:9,2
DA:11,2
DA:15,2
DA:16,2
DA:17,4
DA:18,4
DA:19,6
DA:20,2
DA:21,4
LF:9
LH:9
end_of_record
SF:lib/features/qr_code_scan/presenter/cubits/qr_code/qr_code_state.dart
DA:4,15
DA:6,1
DA:7,1
DA:11,13
DA:15,13
DA:19,4
DA:21,1
DA:22,2
DA:26,2
DA:28,1
DA:29,2
LF:11
LH:11
end_of_record
SF:lib/features/qr_code_scan/presenter/pages/qr_code/qr_code_page.dart
DA:11,8
DA:13,1
DA:14,1
DA:21,1
DA:23,1
DA:24,4
DA:25,3
DA:28,1
DA:30,2
DA:31,1
DA:34,1
DA:36,1
DA:37,1
DA:38,1
DA:39,1
DA:40,1
DA:41,1
DA:42,1
DA:43,1
DA:44,1
DA:45,4
DA:49,1
DA:50,1
DA:51,1
DA:52,1
DA:53,0
DA:54,0
DA:55,0
DA:59,1
DA:60,1
DA:64,1
DA:66,1
DA:67,1
DA:68,1
DA:69,1
DA:70,1
DA:71,1
DA:72,1
DA:74,2
DA:75,1
DA:77,1
DA:78,1
DA:79,2
DA:83,1
DA:84,1
DA:85,1
DA:87,1
DA:88,3
DA:89,0
DA:97,2
DA:99,1
DA:100,1
DA:102,2
DA:106,2
DA:109,1
DA:110,1
DA:111,1
DA:113,1
DA:114,2
DA:115,1
DA:126,1
DA:127,1
DA:128,1
DA:130,2
DA:132,1
DA:133,2
LF:66
LH:62
end_of_record
SF:lib/features/qr_code_scan/presenter/pages/scan/scan_page.dart
DA:8,8
DA:10,1
DA:11,1
DA:18,1
DA:20,1
DA:21,4
DA:24,1
DA:26,1
DA:27,1
DA:31,1
DA:33,1
DA:34,1
DA:35,1
DA:36,1
DA:38,2
DA:40,1
DA:43,2
DA:46,1
DA:47,1
DA:49,2
DA:56,1
DA:57,1
DA:58,1
DA:60,2
DA:62,1
DA:63,0
DA:64,0
LF:27
LH:25
end_of_record
SF:lib/features/qr_code_scan/data/models/qr_code_model.dart
DA:4,3
DA:6,4
DA:7,2
DA:8,2
LF:4
LH:4
end_of_record
SF:lib/core/errors/failures/failure.dart
DA:2,5
DA:5,2
DA:8,4
DA:11,0
DA:12,0
LF:5
LH:3
end_of_record
SF:lib/features/qr_code_scan/domain/entities/qr_code_entity.dart
DA:2,7
DA:7,5
DA:10,3
DA:11,9
DA:12,9
DA:14,1
DA:15,5
LF:7
LH:7
end_of_record
SF:lib/core/errors/failures/qr_code_failure.dart
DA:4,5
LF:1
LH:1
end_of_record
SF:lib/core/extensions/screen_size_extension.dart
DA:4,4
LF:1
LH:1
end_of_record
SF:lib/core/errors/exceptions/qr_code_exception.dart
DA:2,1
LF:1
LH:1
end_of_record
SF:lib/features/qr_code_scan/data/repositories/get_qr_code_repository_impl.dart
DA:10,1
DA:15,1
DA:18,2
DA:19,1
DA:20,1
DA:21,3
LF:6
LH:6
end_of_record
SF:lib/features/qr_code_scan/data/datasources/get_qr_code/get_qr_code_datasource_impl.dart
DA:6,1
DA:7,1
DA:10,1
DA:11,1
DA:13,2
DA:15,1
DA:17,0
LF:7
LH:6
end_of_record
SF:lib/features/qr_code_scan/domain/usecases/get_qr_code/get_qr_code_usecase_impl.dart
DA:8,1
DA:11,1
DA:12,2
LF:3
LH:3
end_of_record
